<?xml version="1.0" encoding="UTF-8"?>
<testsuite xmlns:xsi="http://www.w3.org/2001/XMLSchema-instance" xsi:noNamespaceSchemaLocation="https://maven.apache.org/surefire/maven-surefire-plugin/xsd/surefire-test-report.xsd" name="com.gupaoedu.example.AppTest" time="0.034" tests="1" errors="0" skipped="0" failures="0">
  <properties>
    <property name="sun.desktop" value="windows"/>
    <property name="awt.toolkit" value="sun.awt.windows.WToolkit"/>
    <property name="file.encoding.pkg" value="sun.io"/>
    <property name="java.specification.version" value="1.8"/>
    <property name="sun.cpu.isalist" value="amd64"/>
    <property name="sun.jnu.encoding" value="GBK"/>
    <property name="java.class.path" value="F:\BaiduNetdisk\2020期课程资料\03.分布式与高并发\04.分布式架构基础\03.远程通信实战之实现一个简易版的RPC\课堂源码\version1\order-service\order-api\target\test-classes;F:\BaiduNetdisk\2020期课程资料\03.分布式与高并发\04.分布式架构基础\03.远程通信实战之实现一个简易版的RPC\课堂源码\version1\order-service\order-api\target\classes;E:\apache-maven-3.6.3\respository\junit\junit\4.11\junit-4.11.jar;E:\apache-maven-3.6.3\respository\org\hamcrest\hamcrest-core\1.3\hamcrest-core-1.3.jar;"/>
    <property name="java.vm.vendor" value="Oracle Corporation"/>
    <property name="sun.arch.data.model" value="64"/>
    <property name="user.variant" value=""/>
    <property name="java.vendor.url" value="http://java.oracle.com/"/>
    <property name="user.timezone" value="Asia/Shanghai"/>
    <property name="java.vm.specification.version" value="1.8"/>
    <property name="os.name" value="Windows 10"/>
    <property name="user.country" value="CN"/>
    <property name="sun.java.launcher" value="SUN_STANDARD"/>
    <property name="sun.boot.library.path" value="E:\jdk1.8\jre\bin"/>
    <property name="sun.java.command" value="C:\Users\Administrator.Win10-2020EUSEG\AppData\Local\Temp\surefire5184560580059100771\surefirebooter5352451644900147674.jar C:\Users\Administrator.Win10-2020EUSEG\AppData\Local\Temp\surefire5184560580059100771 2020-06-23T22-33-57_545-jvmRun1 surefire6275833522753277340tmp surefire_05650555165315203084tmp"/>
    <property name="surefire.test.class.path" value="F:\BaiduNetdisk\2020期课程资料\03.分布式与高并发\04.分布式架构基础\03.远程通信实战之实现一个简易版的RPC\课堂源码\version1\order-service\order-api\target\test-classes;F:\BaiduNetdisk\2020期课程资料\03.分布式与高并发\04.分布式架构基础\03.远程通信实战之实现一个简易版的RPC\课堂源码\version1\order-service\order-api\target\classes;E:\apache-maven-3.6.3\respository\junit\junit\4.11\junit-4.11.jar;E:\apache-maven-3.6.3\respository\org\hamcrest\hamcrest-core\1.3\hamcrest-core-1.3.jar;"/>
    <property name="sun.cpu.endian" value="little"/>
    <property name="user.home" value="C:\Users\Administrator.Win10-2020EUSEG"/>
    <property name="user.language" value="zh"/>
    <property name="java.specification.vendor" value="Oracle Corporation"/>
    <property name="java.home" value="E:\jdk1.8\jre"/>
    <property name="basedir" value="F:\BaiduNetdisk\2020期课程资料\03.分布式与高并发\04.分布式架构基础\03.远程通信实战之实现一个简易版的RPC\课堂源码\version1\order-service\order-api"/>
    <property name="file.separator" value="\"/>
    <property name="line.separator" value="&#10;"/>
    <property name="java.vm.specification.vendor" value="Oracle Corporation"/>
    <property name="java.specification.name" value="Java Platform API Specification"/>
    <property name="java.awt.graphicsenv" value="sun.awt.Win32GraphicsEnvironment"/>
    <property name="idea.version2020.1.2" value="true"/>
    <property name="surefire.real.class.path" value="C:\Users\Administrator.Win10-2020EUSEG\AppData\Local\Temp\surefire5184560580059100771\surefirebooter5352451644900147674.jar"/>
    <property name="sun.boot.class.path" value="E:\jdk1.8\jre\lib\resources.jar;E:\jdk1.8\jre\lib\rt.jar;E:\jdk1.8\jre\lib\sunrsasign.jar;E:\jdk1.8\jre\lib\jsse.jar;E:\jdk1.8\jre\lib\jce.jar;E:\jdk1.8\jre\lib\charsets.jar;E:\jdk1.8\jre\lib\jfr.jar;E:\jdk1.8\jre\classes"/>
    <property name="user.script" value=""/>
    <property name="sun.management.compiler" value="HotSpot 64-Bit Tiered Compilers"/>
    <property name="java.runtime.version" value="1.8.0_131-b11"/>
    <property name="user.name" value="Administrator"/>
    <property name="path.separator" value=";"/>
    <property name="os.version" value="10.0"/>
    <property name="java.endorsed.dirs" value="E:\jdk1.8\jre\lib\endorsed"/>
    <property name="java.runtime.name" value="Java(TM) SE Runtime Environment"/>
    <property name="file.encoding" value="GBK"/>
    <property name="java.vm.name" value="Java HotSpot(TM) 64-Bit Server VM"/>
    <property name="localRepository" value="E:\apache-maven-3.6.3\respository"/>
    <property name="java.vendor.url.bug" value="http://bugreport.sun.com/bugreport/"/>
    <property name="java.io.tmpdir" value="C:\Users\Administrator.Win10-2020EUSEG\AppData\Local\Temp\"/>
    <property name="java.version" value="1.8.0_131"/>
    <property name="user.dir" value="F:\BaiduNetdisk\2020期课程资料\03.分布式与高并发\04.分布式架构基础\03.远程通信实战之实现一个简易版的RPC\课堂源码\version1\order-service\order-api"/>
    <property name="os.arch" value="amd64"/>
    <property name="java.vm.specification.name" value="Java Virtual Machine Specification"/>
    <property name="java.awt.printerjob" value="sun.awt.windows.WPrinterJob"/>
    <property name="sun.os.patch.level" value=""/>
    <property name="java.library.path" value="E:\jdk1.8\jre\bin;C:\Windows\Sun\Java\bin;C:\Windows\system32;C:\Windows;C:\ProgramData\Oracle\Java\javapath;C:\Windows\system32;C:\Windows;C:\Windows\System32\Wbem;C:\Windows\System32\WindowsPowerShell\v1.0\;C:\Windows\System32\OpenSSH\;C:\Program Files\Git\cmd;C:\Users\Administrator.Win10-2020EUSEG\AppData\Local\Microsoft\WindowsApps;E:\jdk1.8\bin;E:\jdk1.8\jre\bin;;."/>
    <property name="java.vm.info" value="mixed mode"/>
    <property name="java.vendor" value="Oracle Corporation"/>
    <property name="java.vm.version" value="25.131-b11"/>
    <property name="java.ext.dirs" value="E:\jdk1.8\jre\lib\ext;C:\Windows\Sun\Java\lib\ext"/>
    <property name="sun.io.unicode.encoding" value="UnicodeLittle"/>
    <property name="maven.repo.local" value="E:\apache-maven-3.6.3\respository"/>
    <property name="java.class.version" value="52.0"/>
  </properties>
  <testcase name="shouldAnswerWithTrue" classname="com.gupaoedu.example.AppTest" time="0.003"/>
</testsuite>